Using pre-set license
Built from '2020.3/staging' branch; Version is '2020.3.26f1 (7298b473bc1a) revision 7510196'; Using compiler version '192528614'; Build Type 'Release'
OS: 'Windows 11  (10.0.22000) 64bit Professional' Language: 'en' Physical Memory: 8144 MB
BatchMode: 1, IsHumanControllingUs: 0, StartBugReporterOnCrash: 0, Is64bit: 1, IsPro: 0

COMMAND LINE ARGUMENTS:
E:\Unity 2020.3.26f1\Editor\Unity.exe
-adb2
-batchMode
-noUpm
-name
AssetImportWorker1
-projectPath
E:/unity-pro/IDLE game
-logFile
Logs/AssetImportWorker1.log
-srvPort
55545
Successfully changed project path to: E:/unity-pro/IDLE game
E:/unity-pro/IDLE game
Using Asset Import Pipeline V2.
Refreshing native plugins compatible for Editor in 118.18 ms, found 3 plugins.
Preloading 0 native plugins for Editor in 0.00 ms.
Initialize engine version: 2020.3.26f1 (7298b473bc1a)
[Subsystems] Discovering subsystems at path E:/Unity 2020.3.26f1/Editor/Data/Resources/UnitySubsystems
[Subsystems] Discovering subsystems at path E:/unity-pro/IDLE game/Assets
GfxDevice: creating device client; threaded=0
Direct3D:
    Version:  Direct3D 11.0 [level 11.1]
    Renderer: NVIDIA GeForce GTX 1050 Ti (ID=0x1c82)
    Vendor:   
    VRAM:     4018 MB
    Driver:   30.0.14.9613
Shader 'Shadero Customs/LightningBump': fallback shader 'Sprites /Default' not found
Initialize mono
Mono path[0] = 'E:/Unity 2020.3.26f1/Editor/Data/Managed'
Mono path[1] = 'E:/Unity 2020.3.26f1/Editor/Data/MonoBleedingEdge/lib/mono/unityjit'
Mono config path = 'E:/Unity 2020.3.26f1/Editor/Data/MonoBleedingEdge/etc'
Using monoOptions --debugger-agent=transport=dt_socket,embedding=1,server=y,suspend=n,address=127.0.0.1:56388
Begin MonoManager ReloadAssembly
Registering precompiled unity dll's ...
Register platform support module: E:/Unity 2020.3.26f1/Editor/Data/PlaybackEngines/WindowsStandaloneSupport/UnityEditor.WindowsStandalone.Extensions.dll
Registered in 0.000968 seconds.
Native extension for WindowsStandalone target not found
Refreshing native plugins compatible for Editor in 116.78 ms, found 3 plugins.
Preloading 0 native plugins for Editor in 0.00 ms.
Mono: successfully reloaded assembly
- Completed reload, in  0.715 seconds
Domain Reload Profiling:
	ReloadAssembly (715ms)
		BeginReloadAssembly (57ms)
			ExecutionOrderSort (0ms)
			DisableScriptedObjects (0ms)
			BackupInstance (0ms)
			ReleaseScriptingObjects (0ms)
			CreateAndSetChildDomain (1ms)
		EndReloadAssembly (579ms)
			LoadAssemblies (55ms)
			RebuildTransferFunctionScriptingTraits (0ms)
			SetupTypeCache (169ms)
			ReleaseScriptCaches (0ms)
			RebuildScriptCaches (34ms)
			SetupLoadedEditorAssemblies (269ms)
				LogAssemblyErrors (0ms)
				InitializePlatformSupportModulesInManaged (5ms)
				SetLoadedEditorAssemblies (0ms)
				RefreshPlugins (117ms)
				BeforeProcessingInitializeOnLoad (14ms)
				ProcessInitializeOnLoadAttributes (99ms)
				ProcessInitializeOnLoadMethodAttributes (33ms)
				AfterProcessingInitializeOnLoad (0ms)
				EditorAssembliesLoaded (0ms)
			ExecutionOrderSort2 (0ms)
			AwakeInstancesAfterBackupRestoration (0ms)
Platform modules already initialized, skipping
Registering precompiled user dll's ...
Registered in 0.004454 seconds.
Begin MonoManager ReloadAssembly
Native extension for WindowsStandalone target not found
Refreshing native plugins compatible for Editor in 143.74 ms, found 3 plugins.
Preloading 0 native plugins for Editor in 0.00 ms.
Mono: successfully reloaded assembly
- Completed reload, in  1.804 seconds
Domain Reload Profiling:
	ReloadAssembly (1805ms)
		BeginReloadAssembly (189ms)
			ExecutionOrderSort (0ms)
			DisableScriptedObjects (7ms)
			BackupInstance (0ms)
			ReleaseScriptingObjects (0ms)
			CreateAndSetChildDomain (25ms)
		EndReloadAssembly (1537ms)
			LoadAssemblies (127ms)
			RebuildTransferFunctionScriptingTraits (0ms)
			SetupTypeCache (468ms)
			ReleaseScriptCaches (1ms)
			RebuildScriptCaches (94ms)
			SetupLoadedEditorAssemblies (680ms)
				LogAssemblyErrors (0ms)
				InitializePlatformSupportModulesInManaged (5ms)
				SetLoadedEditorAssemblies (0ms)
				RefreshPlugins (144ms)
				BeforeProcessingInitializeOnLoad (110ms)
				ProcessInitializeOnLoadAttributes (393ms)
				ProcessInitializeOnLoadMethodAttributes (25ms)
				AfterProcessingInitializeOnLoad (3ms)
				EditorAssembliesLoaded (0ms)
			ExecutionOrderSort2 (0ms)
			AwakeInstancesAfterBackupRestoration (10ms)
Platform modules already initialized, skipping
========================================================================
Worker process is ready to serve import requests
Shader 'Shadero Customs/LightningBump': fallback shader 'Sprites /Default' not found
Launched and connected shader compiler UnityShaderCompiler.exe after 0.05 seconds
Refreshing native plugins compatible for Editor in 1.42 ms, found 3 plugins.
Preloading 0 native plugins for Editor in 0.00 ms.
Unloading 2929 Unused Serialized files (Serialized files now loaded: 0)
System memory in use before: 140.0 MB.
System memory in use after: 140.2 MB.

Unloading 30 unused Assets to reduce memory usage. Loaded Objects now: 3366.
Total: 5.859800 ms (FindLiveObjects: 0.561900 ms CreateObjectMapping: 0.145000 ms MarkObjects: 5.056900 ms  DeleteObjects: 0.094200 ms)

AssetImportParameters requested are different than current active one (requested -> active):
  custom:framework-win-MediaFoundation: 216162199b28c13a410421893ffa2e32 -> 
  custom:video-decoder-ogg-theora: a1e56fd34408186e4bbccfd4996cb3dc -> 
  custom:container-muxer-webm: aa71ff27fc2769a1b78a27578f13a17b -> 
  custom:container-demuxer-webm: 4f35f7cbe854078d1ac9338744f61a02 -> 
  custom:container-demuxer-ogg: 62fdf1f143b41e24485cea50d1cbac27 -> 
  custom:video-encoder-webm-vp8: eb34c28f22e8b96e1ab97ce403110664 -> 
  custom:video-decoder-webm-vp8: 9c59270c3fd7afecdb556c50c9e8de78 -> 
  custom:audio-decoder-ogg-vorbis: bf7c407c2cedff20999df2af8eb42d56 -> 
  custom:audio-encoder-webm-vorbis: bf7c407c2cedff20999df2af8eb42d56 -> 
========================================================================
Received Import Request.
  path: Assets/JMO Assets/Cartoon FX Remaster/CFXR Demo.unity
  artifactKey: Guid(c750886f96ff8054a9fed840e76823ed) Importer(815301076,1909f56bfc062723c751e8b465ee728b)
Start importing Assets/JMO Assets/Cartoon FX Remaster/CFXR Demo.unity using Guid(c750886f96ff8054a9fed840e76823ed) Importer(815301076,1909f56bfc062723c751e8b465ee728b)  -> (artifact id: '4683c07fe7c3d0940ab4679796b91a09') in 0.034189 seconds 
  Import took 0.041816 seconds .

========================================================================
Received Import Request.
  Time since last request: 65.205495 seconds.
  path: Assets/JMO Assets/Cartoon FX (legacy)
  artifactKey: Guid(c865e48369a325f4784ecd8444d1ec51) Importer(815301076,1909f56bfc062723c751e8b465ee728b)
Start importing Assets/JMO Assets/Cartoon FX (legacy) using Guid(c865e48369a325f4784ecd8444d1ec51) Importer(815301076,1909f56bfc062723c751e8b465ee728b)  -> (artifact id: '8ea38a065ce9118b8be52a2801bf0be0') in 0.007544 seconds 
  Import took 0.012459 seconds .

========================================================================
Received Import Request.
  Time since last request: 2.896546 seconds.
  path: Assets/JMO Assets/Cartoon FX Easy Editor
  artifactKey: Guid(7a7171bf41aeb6949b08451fbcd42dd7) Importer(815301076,1909f56bfc062723c751e8b465ee728b)
Start importing Assets/JMO Assets/Cartoon FX Easy Editor using Guid(7a7171bf41aeb6949b08451fbcd42dd7) Importer(815301076,1909f56bfc062723c751e8b465ee728b)  -> (artifact id: '6f809c37ebb6b848f97257d3050490b0') in 0.006842 seconds 
  Import took 0.012224 seconds .

========================================================================
Received Import Request.
  Time since last request: 2.220557 seconds.
  path: Assets/JMO Assets/Cartoon FX Remaster
  artifactKey: Guid(b56551e9e3ab84e4180b7b30c06ff232) Importer(815301076,1909f56bfc062723c751e8b465ee728b)
Start importing Assets/JMO Assets/Cartoon FX Remaster using Guid(b56551e9e3ab84e4180b7b30c06ff232) Importer(815301076,1909f56bfc062723c751e8b465ee728b)  -> (artifact id: 'dc8061013bae450f9bd07bcd2fbb8864') in 0.006545 seconds 
  Import took 0.011738 seconds .

========================================================================
Received Import Request.
  Time since last request: 5.587436 seconds.
  path: Assets/JMO Assets/Cartoon FX (legacy)/Mesh
  artifactKey: Guid(b902967ed7e36ae43be8ab05afdabb8a) Importer(815301076,1909f56bfc062723c751e8b465ee728b)
Start importing Assets/JMO Assets/Cartoon FX (legacy)/Mesh using Guid(b902967ed7e36ae43be8ab05afdabb8a) Importer(815301076,1909f56bfc062723c751e8b465ee728b)  -> (artifact id: 'af52d46dfe03a4031094e255aa9dc796') in 0.034009 seconds 
  Import took 0.039936 seconds .

========================================================================
Received Import Request.
  Time since last request: 0.049396 seconds.
  path: Assets/JMO Assets/Cartoon FX (legacy)/Mesh/CFX_Mesh_CharacterAura.fbx
  artifactKey: Guid(0e1203edacc9eeb4b82fbc631dd4bdf7) Importer(815301076,1909f56bfc062723c751e8b465ee728b)
Start importing Assets/JMO Assets/Cartoon FX (legacy)/Mesh/CFX_Mesh_CharacterAura.fbx using Guid(0e1203edacc9eeb4b82fbc631dd4bdf7) Importer(815301076,1909f56bfc062723c751e8b465ee728b)  -> (artifact id: '28efe284eb928313c57f784a3427adeb') in 0.384508 seconds 
  Import took 0.389509 seconds .

========================================================================
Received Import Request.
  Time since last request: 0.000220 seconds.
  path: Assets/JMO Assets/Cartoon FX (legacy)/Mesh/CFX_Mesh_Circular.FBX
  artifactKey: Guid(33e6621d2756c044d88f4f9de1a55e7e) Importer(815301076,1909f56bfc062723c751e8b465ee728b)
Start importing Assets/JMO Assets/Cartoon FX (legacy)/Mesh/CFX_Mesh_Circular.FBX using Guid(33e6621d2756c044d88f4f9de1a55e7e) Importer(815301076,1909f56bfc062723c751e8b465ee728b)  -> (artifact id: '16efc7154b8740de18e626127846b4d3') in 0.030285 seconds 
  Import took 0.034837 seconds .

========================================================================
Received Import Request.
  Time since last request: 0.000251 seconds.
  path: Assets/JMO Assets/Cartoon FX (legacy)/Mesh/CFX_Mesh_Circular1.5.asset
  artifactKey: Guid(885d6c99746f9db4a83145e1d01a84e2) Importer(815301076,1909f56bfc062723c751e8b465ee728b)
Start importing Assets/JMO Assets/Cartoon FX (legacy)/Mesh/CFX_Mesh_Circular1.5.asset using Guid(885d6c99746f9db4a83145e1d01a84e2) Importer(815301076,1909f56bfc062723c751e8b465ee728b)  -> (artifact id: '534c0f0865d13b18a04d78370b5c4f04') in 0.021893 seconds 
  Import took 0.027394 seconds .

========================================================================
Received Import Request.
  Time since last request: 0.000271 seconds.
  path: Assets/JMO Assets/Cartoon FX (legacy)/Mesh/CFX_Mesh_CircularBig.FBX
  artifactKey: Guid(21768c9bb8f895f499a017c4b2ce392c) Importer(815301076,1909f56bfc062723c751e8b465ee728b)
Start importing Assets/JMO Assets/Cartoon FX (legacy)/Mesh/CFX_Mesh_CircularBig.FBX using Guid(21768c9bb8f895f499a017c4b2ce392c) Importer(815301076,1909f56bfc062723c751e8b465ee728b)  -> (artifact id: 'f17054df491c65818710dfc47f26f2a8') in 0.021719 seconds 
  Import took 0.026765 seconds .

========================================================================
Received Import Request.
  Time since last request: 2.311906 seconds.
  path: Assets/JMO Assets/Cartoon FX (legacy)/Scripts
  artifactKey: Guid(223e077284a06094ab8488db9e6eaa1a) Importer(815301076,1909f56bfc062723c751e8b465ee728b)
Start importing Assets/JMO Assets/Cartoon FX (legacy)/Scripts using Guid(223e077284a06094ab8488db9e6eaa1a) Importer(815301076,1909f56bfc062723c751e8b465ee728b)  -> (artifact id: '8bff0c8c61474eb5a6cc229ebb14f38c') in 0.006915 seconds 
  Import took 0.012133 seconds .

========================================================================
Received Import Request.
  Time since last request: 4.040047 seconds.
  path: Assets/JMO Assets/Cartoon FX (legacy)/Spawn System
  artifactKey: Guid(3757dbc77362c5d46bffca284b1aa823) Importer(815301076,1909f56bfc062723c751e8b465ee728b)
Start importing Assets/JMO Assets/Cartoon FX (legacy)/Spawn System using Guid(3757dbc77362c5d46bffca284b1aa823) Importer(815301076,1909f56bfc062723c751e8b465ee728b)  -> (artifact id: 'f2a666e40c8f128a21382d1ee3689f3b') in 0.006567 seconds 
  Import took 0.011891 seconds .

========================================================================
Received Import Request.
  Time since last request: 0.010489 seconds.
  path: Assets/JMO Assets/Cartoon FX (legacy)/Spawn System/SpawnSystem Template.prefab
  artifactKey: Guid(4f752d70fdcea284c8c3e3129cc58ff4) Importer(815301076,1909f56bfc062723c751e8b465ee728b)
Start importing Assets/JMO Assets/Cartoon FX (legacy)/Spawn System/SpawnSystem Template.prefab using Guid(4f752d70fdcea284c8c3e3129cc58ff4) Importer(815301076,1909f56bfc062723c751e8b465ee728b)  -> (artifact id: 'fc3d36c14a070b47e1bc2858d2220730') in 0.011432 seconds 
  Import took 0.052064 seconds .

========================================================================
Received Import Request.
  Time since last request: 37.190505 seconds.
  path: Assets/ShaderoSprite/Examples
  artifactKey: Guid(be7dab974dfa203448812dd3b38d0594) Importer(815301076,1909f56bfc062723c751e8b465ee728b)
Start importing Assets/ShaderoSprite/Examples using Guid(be7dab974dfa203448812dd3b38d0594) Importer(815301076,1909f56bfc062723c751e8b465ee728b)  -> (artifact id: '152f549ec361e0a71f5e6d8b14c22579') in 0.008941 seconds 
  Import took 0.058779 seconds .

========================================================================
Received Import Request.
  Time since last request: 2.958774 seconds.
  path: Assets/ShaderoSprite/Examples/Example.unity
  artifactKey: Guid(6926961d2ff1f8c478c10f8f396a7015) Importer(815301076,1909f56bfc062723c751e8b465ee728b)
Start importing Assets/ShaderoSprite/Examples/Example.unity using Guid(6926961d2ff1f8c478c10f8f396a7015) Importer(815301076,1909f56bfc062723c751e8b465ee728b)  -> (artifact id: '1aa86b9b01ff6f74f632a1cc9ea771ba') in 0.007221 seconds 
  Import took 0.012397 seconds .

========================================================================
Received Import Request.
  Time since last request: 29.653256 seconds.
  path: Assets/ShaderoSprite/Examples/Example2.unity
  artifactKey: Guid(94773144b342c934dbfca89ecdc5e80e) Importer(815301076,1909f56bfc062723c751e8b465ee728b)
Start importing Assets/ShaderoSprite/Examples/Example2.unity using Guid(94773144b342c934dbfca89ecdc5e80e) Importer(815301076,1909f56bfc062723c751e8b465ee728b)  -> (artifact id: '559b61730a13c07fddd08f285349f2b0') in 0.006224 seconds 
  Import took 0.011647 seconds .

========================================================================
Received Import Request.
  Time since last request: 3.130950 seconds.
  path: Assets/ShaderoSprite/Examples/Sprites
  artifactKey: Guid(e0189b08b9ef6f9458147e27319abf2c) Importer(815301076,1909f56bfc062723c751e8b465ee728b)
Start importing Assets/ShaderoSprite/Examples/Sprites using Guid(e0189b08b9ef6f9458147e27319abf2c) Importer(815301076,1909f56bfc062723c751e8b465ee728b)  -> (artifact id: '32d910f3e782e83e624230f693f9f5d4') in 0.008783 seconds 
  Import took 0.014341 seconds .

========================================================================
Received Import Request.
  Time since last request: 0.053033 seconds.
  path: Assets/ShaderoSprite/Examples/Sprites/backpot.png
  artifactKey: Guid(f5a455c8493d9dd4ead4de1977877df2) Importer(815301076,1909f56bfc062723c751e8b465ee728b)
Start importing Assets/ShaderoSprite/Examples/Sprites/backpot.png using Guid(f5a455c8493d9dd4ead4de1977877df2) Importer(815301076,1909f56bfc062723c751e8b465ee728b)  -> (artifact id: '5f709309a9dd5f090b420f374be9883a') in 0.086216 seconds 
  Import took 0.091214 seconds .

========================================================================
Received Import Request.
  Time since last request: 0.000360 seconds.
  path: Assets/ShaderoSprite/Examples/Sprites/DoodleMushroom.png
  artifactKey: Guid(82d85a3d1c090364bae38f8975bc3ce6) Importer(815301076,1909f56bfc062723c751e8b465ee728b)
Start importing Assets/ShaderoSprite/Examples/Sprites/DoodleMushroom.png using Guid(82d85a3d1c090364bae38f8975bc3ce6) Importer(815301076,1909f56bfc062723c751e8b465ee728b)  -> (artifact id: '72c2a88fa471f3c32e8d1ffa55262d89') in 0.052309 seconds 
  Import took 0.057328 seconds .

========================================================================
Received Import Request.
  Time since last request: 0.000232 seconds.
  path: Assets/ShaderoSprite/Examples/Sprites/hud_1.png
  artifactKey: Guid(39a595f2e205be34997e3721ebe40dd2) Importer(815301076,1909f56bfc062723c751e8b465ee728b)
Start importing Assets/ShaderoSprite/Examples/Sprites/hud_1.png using Guid(39a595f2e205be34997e3721ebe40dd2) Importer(815301076,1909f56bfc062723c751e8b465ee728b)  -> (artifact id: '0b8d3c377c0507442131fd1fdd9baa5d') in 0.017037 seconds 
  Import took 0.021742 seconds .

========================================================================
Received Import Request.
  Time since last request: 0.000364 seconds.
  path: Assets/ShaderoSprite/Examples/Sprites/hud.png
  artifactKey: Guid(df57cda7796b2be4086dcb2108699c1d) Importer(815301076,1909f56bfc062723c751e8b465ee728b)
Start importing Assets/ShaderoSprite/Examples/Sprites/hud.png using Guid(df57cda7796b2be4086dcb2108699c1d) Importer(815301076,1909f56bfc062723c751e8b465ee728b)  -> (artifact id: 'd0587ee6c22d06462d5f2d090243dde8') in 0.018328 seconds 
  Import took 0.023713 seconds .

========================================================================
Received Import Request.
  Time since last request: 0.000225 seconds.
  path: Assets/ShaderoSprite/Examples/Sprites/magic_pot_1.png
  artifactKey: Guid(a723c4ece330bf34981f0b9ff19655ec) Importer(815301076,1909f56bfc062723c751e8b465ee728b)
Start importing Assets/ShaderoSprite/Examples/Sprites/magic_pot_1.png using Guid(a723c4ece330bf34981f0b9ff19655ec) Importer(815301076,1909f56bfc062723c751e8b465ee728b)  -> (artifact id: 'cde781064f9d5106b0020bdfb948de04') in 0.016898 seconds 
  Import took 0.021923 seconds .

========================================================================
Received Import Request.
  Time since last request: 0.000236 seconds.
  path: Assets/ShaderoSprite/Examples/Sprites/circle.png
  artifactKey: Guid(326568192122fcf40bd985c56e6589c2) Importer(815301076,1909f56bfc062723c751e8b465ee728b)
Start importing Assets/ShaderoSprite/Examples/Sprites/circle.png using Guid(326568192122fcf40bd985c56e6589c2) Importer(815301076,1909f56bfc062723c751e8b465ee728b)  -> (artifact id: 'cb98c0b2734c38a1b731a9a46982f94b') in 0.029162 seconds 
  Import took 0.034343 seconds .

========================================================================
Received Import Request.
  Time since last request: 0.000287 seconds.
  path: Assets/ShaderoSprite/Examples/Sprites/water.png
  artifactKey: Guid(d7c9b49185d965449bdc6e25a75301eb) Importer(815301076,1909f56bfc062723c751e8b465ee728b)
Start importing Assets/ShaderoSprite/Examples/Sprites/water.png using Guid(d7c9b49185d965449bdc6e25a75301eb) Importer(815301076,1909f56bfc062723c751e8b465ee728b)  -> (artifact id: 'a89682d3b741f2aa4ced58f641986614') in 0.015675 seconds 
  Import took 0.020699 seconds .

========================================================================
Received Import Request.
  Time since last request: 0.000275 seconds.
  path: Assets/ShaderoSprite/Examples/Sprites/magic_pot_light.png
  artifactKey: Guid(76049510c49a07d45a76332841740a44) Importer(815301076,1909f56bfc062723c751e8b465ee728b)
Start importing Assets/ShaderoSprite/Examples/Sprites/magic_pot_light.png using Guid(76049510c49a07d45a76332841740a44) Importer(815301076,1909f56bfc062723c751e8b465ee728b)  -> (artifact id: 'cedaa025ddf7dc04a872c51845187702') in 0.070232 seconds 
  Import took 0.074807 seconds .

========================================================================
Received Import Request.
  Time since last request: 0.000387 seconds.
  path: Assets/ShaderoSprite/Examples/Sprites/TextCard.renderTexture
  artifactKey: Guid(57ebe8324f455fe48834b7520c4c2ce9) Importer(815301076,1909f56bfc062723c751e8b465ee728b)
Start importing Assets/ShaderoSprite/Examples/Sprites/TextCard.renderTexture using Guid(57ebe8324f455fe48834b7520c4c2ce9) Importer(815301076,1909f56bfc062723c751e8b465ee728b)  -> (artifact id: '8021c90f79041d842789a1cf042c0edb') in 0.060319 seconds 
  Import took 0.065040 seconds .

========================================================================
Received Import Request.
  Time since last request: 0.000241 seconds.
  path: Assets/ShaderoSprite/Examples/Sprites/bubble.jpg
  artifactKey: Guid(019b38fc1935ba94d80927dafebbcc42) Importer(815301076,1909f56bfc062723c751e8b465ee728b)
Start importing Assets/ShaderoSprite/Examples/Sprites/bubble.jpg using Guid(019b38fc1935ba94d80927dafebbcc42) Importer(815301076,1909f56bfc062723c751e8b465ee728b)  -> (artifact id: '2f685a2893a0cb162ed30478f3cc29ad') in 0.017446 seconds 
  Import took 0.022313 seconds .

========================================================================
Received Import Request.
  Time since last request: 0.000261 seconds.
  path: Assets/ShaderoSprite/Examples/Sprites/tcg_front_2.png
  artifactKey: Guid(dc2333e30d803f84ea78aae652212b8e) Importer(815301076,1909f56bfc062723c751e8b465ee728b)
Start importing Assets/ShaderoSprite/Examples/Sprites/tcg_front_2.png using Guid(dc2333e30d803f84ea78aae652212b8e) Importer(815301076,1909f56bfc062723c751e8b465ee728b)  -> (artifact id: 'a03025361f560f371b4e2f50f649c9d8') in 0.052296 seconds 
  Import took 0.070740 seconds .

========================================================================
Received Import Request.
  Time since last request: 0.000285 seconds.
  path: Assets/ShaderoSprite/Examples/Sprites/line2_orb.png
  artifactKey: Guid(3c2d903f629b42e45b8ba57420cec19e) Importer(815301076,1909f56bfc062723c751e8b465ee728b)
Start importing Assets/ShaderoSprite/Examples/Sprites/line2_orb.png using Guid(3c2d903f629b42e45b8ba57420cec19e) Importer(815301076,1909f56bfc062723c751e8b465ee728b)  -> (artifact id: 'f6b8caa53d70fb12e3e3e44d59d8b1cb') in 0.012226 seconds 
  Import took 0.017556 seconds .

========================================================================
Received Import Request.
  Time since last request: 0.000229 seconds.
  path: Assets/ShaderoSprite/Examples/Sprites/monster_mask.jpg
  artifactKey: Guid(d427915866b40f44d8995359b3986e56) Importer(815301076,1909f56bfc062723c751e8b465ee728b)
Start importing Assets/ShaderoSprite/Examples/Sprites/monster_mask.jpg using Guid(d427915866b40f44d8995359b3986e56) Importer(815301076,1909f56bfc062723c751e8b465ee728b)  -> (artifact id: 'c7d3a7d56c26438089865b0a522b8fee') in 0.018366 seconds 
  Import took 0.022977 seconds .

========================================================================
Received Import Request.
  Time since last request: 0.000274 seconds.
  path: Assets/ShaderoSprite/Examples/Sprites/ProfessorSprite_n.png
  artifactKey: Guid(76d4f357f8e291d42a3b93d236901ce1) Importer(815301076,1909f56bfc062723c751e8b465ee728b)
Start importing Assets/ShaderoSprite/Examples/Sprites/ProfessorSprite_n.png using Guid(76d4f357f8e291d42a3b93d236901ce1) Importer(815301076,1909f56bfc062723c751e8b465ee728b)  -> (artifact id: 'eb5ee78c67b8e765166574d596a80a75') in 0.012301 seconds 
  Import took 0.034446 seconds .

========================================================================
Received Import Request.
  Time since last request: 0.000329 seconds.
  path: Assets/ShaderoSprite/Examples/Sprites/v4.png
  artifactKey: Guid(acd37807ec892894aa8f69a3357c10f4) Importer(815301076,1909f56bfc062723c751e8b465ee728b)
Start importing Assets/ShaderoSprite/Examples/Sprites/v4.png using Guid(acd37807ec892894aa8f69a3357c10f4) Importer(815301076,1909f56bfc062723c751e8b465ee728b)  -> (artifact id: 'ce1afaa0363a5743efdddf32e1381244') in 0.015121 seconds 
  Import took 0.020828 seconds .

========================================================================
Received Import Request.
  Time since last request: 0.000321 seconds.
  path: Assets/ShaderoSprite/Examples/Sprites/Empty.jpg
  artifactKey: Guid(db4cefd7da9392b42b860ab6061cfb86) Importer(815301076,1909f56bfc062723c751e8b465ee728b)
Start importing Assets/ShaderoSprite/Examples/Sprites/Empty.jpg using Guid(db4cefd7da9392b42b860ab6061cfb86) Importer(815301076,1909f56bfc062723c751e8b465ee728b)  -> (artifact id: 'de76dbeb08b2605765b2f6aaa0fbe791') in 0.016230 seconds 
  Import took 0.022488 seconds .

========================================================================
Received Import Request.
  Time since last request: 0.000291 seconds.
  path: Assets/ShaderoSprite/Examples/Sprites/txtanm.jpg
  artifactKey: Guid(6086b12f15102904d9d8852997781d00) Importer(815301076,1909f56bfc062723c751e8b465ee728b)
Start importing Assets/ShaderoSprite/Examples/Sprites/txtanm.jpg using Guid(6086b12f15102904d9d8852997781d00) Importer(815301076,1909f56bfc062723c751e8b465ee728b)  -> (artifact id: 'a4e84c1dfc5d0e5ace0169b88a4a4372') in 0.017362 seconds 
  Import took 0.022931 seconds .

========================================================================
Received Import Request.
  Time since last request: 0.000255 seconds.
  path: Assets/ShaderoSprite/Examples/Sprites/mask.png
  artifactKey: Guid(eae6a90d87b312641a6e595a9e50ae73) Importer(815301076,1909f56bfc062723c751e8b465ee728b)
Start importing Assets/ShaderoSprite/Examples/Sprites/mask.png using Guid(eae6a90d87b312641a6e595a9e50ae73) Importer(815301076,1909f56bfc062723c751e8b465ee728b)  -> (artifact id: '9b635676714b773b7715e5380dbfd23f') in 0.020716 seconds 
  Import took 0.026454 seconds .

========================================================================
Received Import Request.
  Time since last request: 0.000220 seconds.
  path: Assets/ShaderoSprite/Examples/Sprites/tcg_numbers.png
  artifactKey: Guid(785e2f10cde81dc4794aaafccb47cbba) Importer(815301076,1909f56bfc062723c751e8b465ee728b)
Start importing Assets/ShaderoSprite/Examples/Sprites/tcg_numbers.png using Guid(785e2f10cde81dc4794aaafccb47cbba) Importer(815301076,1909f56bfc062723c751e8b465ee728b)  -> (artifact id: '4982fb86a8ce948aeffc23ea645c5b14') in 0.018243 seconds 
  Import took 0.023347 seconds .

========================================================================
Received Import Request.
  Time since last request: 0.000459 seconds.
  path: Assets/ShaderoSprite/Examples/Sprites/line_orb.png
  artifactKey: Guid(ad42b99468f80c740b4f795ae5a48bcf) Importer(815301076,1909f56bfc062723c751e8b465ee728b)
Start importing Assets/ShaderoSprite/Examples/Sprites/line_orb.png using Guid(ad42b99468f80c740b4f795ae5a48bcf) Importer(815301076,1909f56bfc062723c751e8b465ee728b)  -> (artifact id: '45d2f0d4747a802e502a48823a0742d7') in 0.017468 seconds 
  Import took 0.023019 seconds .

========================================================================
Received Import Request.
  Time since last request: 0.000292 seconds.
  path: Assets/ShaderoSprite/Examples/Sprites/pollar.jpg
  artifactKey: Guid(1b4bf356de8cf8d41a22c14637999e8b) Importer(815301076,1909f56bfc062723c751e8b465ee728b)
Start importing Assets/ShaderoSprite/Examples/Sprites/pollar.jpg using Guid(1b4bf356de8cf8d41a22c14637999e8b) Importer(815301076,1909f56bfc062723c751e8b465ee728b)  -> (artifact id: '4156dfcae2ac9396163666bd72eb06dc') in 0.016387 seconds 
  Import took 0.021758 seconds .

========================================================================
Received Import Request.
  Time since last request: 0.000246 seconds.
  path: Assets/ShaderoSprite/Examples/Sprites/Shadero_Sprite 1.png
  artifactKey: Guid(0ede4dd9f608c624dbad92592914686e) Importer(815301076,1909f56bfc062723c751e8b465ee728b)
Start importing Assets/ShaderoSprite/Examples/Sprites/Shadero_Sprite 1.png using Guid(0ede4dd9f608c624dbad92592914686e) Importer(815301076,1909f56bfc062723c751e8b465ee728b)  -> (artifact id: '57b1294fec11b1fa0ebee21d599f8f20') in 0.017812 seconds 
  Import took 0.022882 seconds .

========================================================================
Received Import Request.
  Time since last request: 0.000223 seconds.
  path: Assets/ShaderoSprite/Examples/Sprites/tcg_mask2.jpg
  artifactKey: Guid(3740c3dafc6d4244a844e147fc4d19c7) Importer(815301076,1909f56bfc062723c751e8b465ee728b)
Start importing Assets/ShaderoSprite/Examples/Sprites/tcg_mask2.jpg using Guid(3740c3dafc6d4244a844e147fc4d19c7) Importer(815301076,1909f56bfc062723c751e8b465ee728b)  -> (artifact id: '14e1d64e39cb57738dfb6595c2a487bd') in 0.075053 seconds 
  Import took 0.079650 seconds .

========================================================================
Received Import Request.
  Time since last request: 0.000226 seconds.
  path: Assets/ShaderoSprite/Examples/Sprites/sparkle.png
  artifactKey: Guid(380bd29db7fb34b4a8b2e55a0d259b33) Importer(815301076,1909f56bfc062723c751e8b465ee728b)
Start importing Assets/ShaderoSprite/Examples/Sprites/sparkle.png using Guid(380bd29db7fb34b4a8b2e55a0d259b33) Importer(815301076,1909f56bfc062723c751e8b465ee728b)  -> (artifact id: '0428e52c8e4b667a162f65e44b2868dc') in 0.018669 seconds 
  Import took 0.023407 seconds .

========================================================================
Received Import Request.
  Time since last request: 0.000246 seconds.
  path: Assets/ShaderoSprite/Examples/Sprites/monster.png
  artifactKey: Guid(b69edb07234ec174fb7843a1fbd18207) Importer(815301076,1909f56bfc062723c751e8b465ee728b)
Start importing Assets/ShaderoSprite/Examples/Sprites/monster.png using Guid(b69edb07234ec174fb7843a1fbd18207) Importer(815301076,1909f56bfc062723c751e8b465ee728b)  -> (artifact id: '16e7947930b2428f8e925c52c26bfe58') in 0.017263 seconds 
  Import took 0.022147 seconds .

========================================================================
Received Import Request.
  Time since last request: 0.000262 seconds.
  path: Assets/ShaderoSprite/Examples/Sprites/girly.png
  artifactKey: Guid(ca4513d9780c7ff418b634d6056105f1) Importer(815301076,1909f56bfc062723c751e8b465ee728b)
Start importing Assets/ShaderoSprite/Examples/Sprites/girly.png using Guid(ca4513d9780c7ff418b634d6056105f1) Importer(815301076,1909f56bfc062723c751e8b465ee728b)  -> (artifact id: '5bd4b3c5658d013cf45fb7ed36a1c63b') in 0.028347 seconds 
  Import took 0.032938 seconds .

========================================================================
Received Import Request.
  Time since last request: 0.000254 seconds.
  path: Assets/ShaderoSprite/Examples/Sprites/lines.png
  artifactKey: Guid(271ef44774e492346aed977c33c59d18) Importer(815301076,1909f56bfc062723c751e8b465ee728b)
Start importing Assets/ShaderoSprite/Examples/Sprites/lines.png using Guid(271ef44774e492346aed977c33c59d18) Importer(815301076,1909f56bfc062723c751e8b465ee728b)  -> (artifact id: '9aab9e65fdf11914ab154498496b65df') in 0.061287 seconds 
  Import took 0.066791 seconds .

========================================================================
Received Import Request.
  Time since last request: 0.000239 seconds.
  path: Assets/ShaderoSprite/Examples/Sprites/tcg_background.jpg
  artifactKey: Guid(1d865dfce22fdf74885d0c0da6a4ac13) Importer(815301076,1909f56bfc062723c751e8b465ee728b)
Start importing Assets/ShaderoSprite/Examples/Sprites/tcg_background.jpg using Guid(1d865dfce22fdf74885d0c0da6a4ac13) Importer(815301076,1909f56bfc062723c751e8b465ee728b)  -> (artifact id: '35a869ec8f3d240e73ee204a56d7f686') in 0.018889 seconds 
  Import took 0.024164 seconds .

========================================================================
Received Import Request.
  Time since last request: 0.000345 seconds.
  path: Assets/ShaderoSprite/Examples/Sprites/tcg_front.png
  artifactKey: Guid(b6ef11c6140bcec499e753562140faa4) Importer(815301076,1909f56bfc062723c751e8b465ee728b)
Start importing Assets/ShaderoSprite/Examples/Sprites/tcg_front.png using Guid(b6ef11c6140bcec499e753562140faa4) Importer(815301076,1909f56bfc062723c751e8b465ee728b)  -> (artifact id: '111f470913cc64cac7070336153ca78a') in 0.019877 seconds 
  Import took 0.024955 seconds .

========================================================================
Received Import Request.
  Time since last request: 0.000313 seconds.
  path: Assets/ShaderoSprite/Examples/Sprites/tcg_mask.jpg
  artifactKey: Guid(a781840386908a140a521bec4c11a0ba) Importer(815301076,1909f56bfc062723c751e8b465ee728b)
Start importing Assets/ShaderoSprite/Examples/Sprites/tcg_mask.jpg using Guid(a781840386908a140a521bec4c11a0ba) Importer(815301076,1909f56bfc062723c751e8b465ee728b)  -> (artifact id: '63f8b4b7dec2198846ac72201ba8adef') in 0.016005 seconds 
  Import took 0.021641 seconds .

========================================================================
Received Import Request.
  Time since last request: 0.000264 seconds.
  path: Assets/ShaderoSprite/Examples/Sprites/mask_orb.png
  artifactKey: Guid(34d5e4a7c519461458cc01a50db9f60f) Importer(815301076,1909f56bfc062723c751e8b465ee728b)
Start importing Assets/ShaderoSprite/Examples/Sprites/mask_orb.png using Guid(34d5e4a7c519461458cc01a50db9f60f) Importer(815301076,1909f56bfc062723c751e8b465ee728b)  -> (artifact id: '31c763f4a73317e7bdd5d48ad0e07cc7') in 0.027569 seconds 
  Import took 0.033454 seconds .

========================================================================
Received Import Request.
  Time since last request: 0.000274 seconds.
  path: Assets/ShaderoSprite/Examples/Sprites/v1.png
  artifactKey: Guid(fc3e7457e24904e43b3884e766ee98b1) Importer(815301076,1909f56bfc062723c751e8b465ee728b)
Start importing Assets/ShaderoSprite/Examples/Sprites/v1.png using Guid(fc3e7457e24904e43b3884e766ee98b1) Importer(815301076,1909f56bfc062723c751e8b465ee728b)  -> (artifact id: 'afcdba2187150add0f87648625da7b39') in 0.018452 seconds 
  Import took 0.024028 seconds .

========================================================================
Received Import Request.
  Time since last request: 0.000272 seconds.
  path: Assets/ShaderoSprite/Examples/Sprites/bubble_orb.png
  artifactKey: Guid(d205ea28f3bf2e94ea4597cdb871638b) Importer(815301076,1909f56bfc062723c751e8b465ee728b)
Start importing Assets/ShaderoSprite/Examples/Sprites/bubble_orb.png using Guid(d205ea28f3bf2e94ea4597cdb871638b) Importer(815301076,1909f56bfc062723c751e8b465ee728b)  -> (artifact id: '3b126498cb390c8ab418b9217f85c7d6') in 0.013257 seconds 
  Import took 0.018533 seconds .

========================================================================
Received Import Request.
  Time since last request: 0.000238 seconds.
  path: Assets/ShaderoSprite/Examples/Sprites/slimedistortion.jpg
  artifactKey: Guid(1d35323330f9b2941b0ae1ef89084eb2) Importer(815301076,1909f56bfc062723c751e8b465ee728b)
Start importing Assets/ShaderoSprite/Examples/Sprites/slimedistortion.jpg using Guid(1d35323330f9b2941b0ae1ef89084eb2) Importer(815301076,1909f56bfc062723c751e8b465ee728b)  -> (artifact id: '0b66b81c17d7d48ea1112978c2f26f81') in 0.013656 seconds 
  Import took 0.018735 seconds .

========================================================================
Received Import Request.
  Time since last request: 0.000248 seconds.
  path: Assets/ShaderoSprite/Examples/Sprites/tcg-text.png
  artifactKey: Guid(f0213cf5d9034b4448fe62e75b024e6d) Importer(815301076,1909f56bfc062723c751e8b465ee728b)
Start importing Assets/ShaderoSprite/Examples/Sprites/tcg-text.png using Guid(f0213cf5d9034b4448fe62e75b024e6d) Importer(815301076,1909f56bfc062723c751e8b465ee728b)  -> (artifact id: '04a4bc0a99be66bed390e01e237344ac') in 0.083241 seconds 
  Import took 0.088626 seconds .

========================================================================
Received Import Request.
  Time since last request: 0.000352 seconds.
  path: Assets/ShaderoSprite/Examples/Sprites/v3.png
  artifactKey: Guid(7a7fc0cd16766594a8abb6eb38c37afa) Importer(815301076,1909f56bfc062723c751e8b465ee728b)
Start importing Assets/ShaderoSprite/Examples/Sprites/v3.png using Guid(7a7fc0cd16766594a8abb6eb38c37afa) Importer(815301076,1909f56bfc062723c751e8b465ee728b)  -> (artifact id: '84304a7a201546d2b0cd70f5ce304a27') in 0.011716 seconds 
  Import took 0.016913 seconds .

========================================================================
Received Import Request.
  Time since last request: 0.000358 seconds.
  path: Assets/ShaderoSprite/Examples/Sprites/circle_orb.png
  artifactKey: Guid(23ed2e7f524a62247a1ad12943516af7) Importer(815301076,1909f56bfc062723c751e8b465ee728b)
Start importing Assets/ShaderoSprite/Examples/Sprites/circle_orb.png using Guid(23ed2e7f524a62247a1ad12943516af7) Importer(815301076,1909f56bfc062723c751e8b465ee728b)  -> (artifact id: '2f1e6f7b73b5880c44ec22ed678c9cf6') in 0.019577 seconds 
  Import took 0.024902 seconds .

========================================================================
Received Import Request.
  Time since last request: 0.000233 seconds.
  path: Assets/ShaderoSprite/Examples/Sprites/ProfessorSprite.png
  artifactKey: Guid(c954edac1329ac44ab0c3ca69f732480) Importer(815301076,1909f56bfc062723c751e8b465ee728b)
Start importing Assets/ShaderoSprite/Examples/Sprites/ProfessorSprite.png using Guid(c954edac1329ac44ab0c3ca69f732480) Importer(815301076,1909f56bfc062723c751e8b465ee728b)  -> (artifact id: 'b8afad24943ec087b597698e84515d07') in 0.018018 seconds 
  Import took 0.022940 seconds .

========================================================================
Received Import Request.
  Time since last request: 0.000249 seconds.
  path: Assets/ShaderoSprite/Examples/Sprites/tcg_mask3.jpg
  artifactKey: Guid(ecb05761374765d43a93f1d0dd1c8172) Importer(815301076,1909f56bfc062723c751e8b465ee728b)
Start importing Assets/ShaderoSprite/Examples/Sprites/tcg_mask3.jpg using Guid(ecb05761374765d43a93f1d0dd1c8172) Importer(815301076,1909f56bfc062723c751e8b465ee728b)  -> (artifact id: 'b4c502d285fb01a0fe444970197d1289') in 0.017500 seconds 
  Import took 0.022976 seconds .

========================================================================
Received Import Request.
  Time since last request: 0.000258 seconds.
  path: Assets/ShaderoSprite/Examples/Sprites/v2.png
  artifactKey: Guid(ab54f27838742f94b892d3eab007a9f2) Importer(815301076,1909f56bfc062723c751e8b465ee728b)
Start importing Assets/ShaderoSprite/Examples/Sprites/v2.png using Guid(ab54f27838742f94b892d3eab007a9f2) Importer(815301076,1909f56bfc062723c751e8b465ee728b)  -> (artifact id: 'b783ae42758732f97878544704f6f8cb') in 0.034174 seconds 
  Import took 0.038729 seconds .

========================================================================
Received Import Request.
  Time since last request: 0.000265 seconds.
  path: Assets/ShaderoSprite/Examples/Sprites/light_orb.png
  artifactKey: Guid(5928446ff0d713c4fbf86a7dffcfa45a) Importer(815301076,1909f56bfc062723c751e8b465ee728b)
Start importing Assets/ShaderoSprite/Examples/Sprites/light_orb.png using Guid(5928446ff0d713c4fbf86a7dffcfa45a) Importer(815301076,1909f56bfc062723c751e8b465ee728b)  -> (artifact id: '5708b1301fa129fbf62a8dbb9f35fa93') in 0.026699 seconds 
  Import took 0.032599 seconds .

========================================================================
Received Import Request.
  Time since last request: 0.000266 seconds.
  path: Assets/ShaderoSprite/Examples/Sprites/Shadero_Lines.jpg
  artifactKey: Guid(07f25df34d509a7428922c0c019a1788) Importer(815301076,1909f56bfc062723c751e8b465ee728b)
Start importing Assets/ShaderoSprite/Examples/Sprites/Shadero_Lines.jpg using Guid(07f25df34d509a7428922c0c019a1788) Importer(815301076,1909f56bfc062723c751e8b465ee728b)  -> (artifact id: 'e0f9448cf8e3dd6037de0b5caa018b02') in 0.015629 seconds 
  Import took 0.020991 seconds .

========================================================================
Received Import Request.
  Time since last request: 1.960703 seconds.
  path: Assets/ShaderoSprite/Examples/Shaders
  artifactKey: Guid(4c5eab993a2de354bbab4d1df4489c29) Importer(815301076,1909f56bfc062723c751e8b465ee728b)
Start importing Assets/ShaderoSprite/Examples/Shaders using Guid(4c5eab993a2de354bbab4d1df4489c29) Importer(815301076,1909f56bfc062723c751e8b465ee728b)  -> (artifact id: '85b885ec356e9c322b5e58552d80e3db') in 0.028857 seconds 
  Import took 0.033910 seconds .

========================================================================
Received Import Request.
  Time since last request: 0.026446 seconds.
  path: Assets/ShaderoSprite/Examples/Shaders/Aura Light.mat
  artifactKey: Guid(e84bbfb2ce7c2114bb3cf5f843028447) Importer(815301076,1909f56bfc062723c751e8b465ee728b)
Start importing Assets/ShaderoSprite/Examples/Shaders/Aura Light.mat using Guid(e84bbfb2ce7c2114bb3cf5f843028447) Importer(815301076,1909f56bfc062723c751e8b465ee728b)  -> (artifact id: 'ea04c15ac8a313f3920a3be341329254') in 0.059488 seconds 
  Import took 0.064531 seconds .

========================================================================
Received Import Request.
  Time since last request: 0.000266 seconds.
  path: Assets/ShaderoSprite/Examples/Shaders/FireCircle.mat
  artifactKey: Guid(bcb8c7fbf04ff754e8f04c14626b0981) Importer(815301076,1909f56bfc062723c751e8b465ee728b)
Start importing Assets/ShaderoSprite/Examples/Shaders/FireCircle.mat using Guid(bcb8c7fbf04ff754e8f04c14626b0981) Importer(815301076,1909f56bfc062723c751e8b465ee728b)  -> (artifact id: '6dbc514cd4afe3da5de1a951112ceae6') in 0.016797 seconds 
  Import took 0.021947 seconds .

========================================================================
Received Import Request.
  Time since last request: 0.000264 seconds.
  path: Assets/ShaderoSprite/Examples/Shaders/Shadero_Logo_Example.mat
  artifactKey: Guid(5c3252088758eda488fb08e90e2692f9) Importer(815301076,1909f56bfc062723c751e8b465ee728b)
Start importing Assets/ShaderoSprite/Examples/Shaders/Shadero_Logo_Example.mat using Guid(5c3252088758eda488fb08e90e2692f9) Importer(815301076,1909f56bfc062723c751e8b465ee728b)  -> (artifact id: '4e05ffad784ab3ddfdad3f35d3ee7b30') in 0.014110 seconds 
  Import took 0.018956 seconds .

========================================================================
Received Import Request.
  Time since last request: 0.000278 seconds.
  path: Assets/ShaderoSprite/Examples/Shaders/Holographic.mat
  artifactKey: Guid(26024e28760fa894aaa59df6df3b45e8) Importer(815301076,1909f56bfc062723c751e8b465ee728b)
Start importing Assets/ShaderoSprite/Examples/Shaders/Holographic.mat using Guid(26024e28760fa894aaa59df6df3b45e8) Importer(815301076,1909f56bfc062723c751e8b465ee728b)  -> (artifact id: 'a87265f26ecfceef254fbd382ce21c65') in 0.013677 seconds 
  Import took 0.019255 seconds .

========================================================================
Received Import Request.
  Time since last request: 0.000269 seconds.
  path: Assets/ShaderoSprite/Examples/Shaders/Background_AutoMove.mat
  artifactKey: Guid(cb823009f965ec24aa35117808f253aa) Importer(815301076,1909f56bfc062723c751e8b465ee728b)
Start importing Assets/ShaderoSprite/Examples/Shaders/Background_AutoMove.mat using Guid(cb823009f965ec24aa35117808f253aa) Importer(815301076,1909f56bfc062723c751e8b465ee728b)  -> (artifact id: 'bcef6dd6470543311505cf00af9f1901') in 0.014726 seconds 
  Import took 0.019986 seconds .

========================================================================
Received Import Request.
  Time since last request: 0.000350 seconds.
  path: Assets/ShaderoSprite/Examples/Shaders/doodlemushroom.mat
  artifactKey: Guid(704da9ea8f8310e40a2718ed13eb2996) Importer(815301076,1909f56bfc062723c751e8b465ee728b)
Start importing Assets/ShaderoSprite/Examples/Shaders/doodlemushroom.mat using Guid(704da9ea8f8310e40a2718ed13eb2996) Importer(815301076,1909f56bfc062723c751e8b465ee728b)  -> (artifact id: '5727f567e5fe631d3d23fe8aea38b957') in 0.015432 seconds 
  Import took 0.020501 seconds .

========================================================================
Received Import Request.
  Time since last request: 0.000243 seconds.
  path: Assets/ShaderoSprite/Examples/Shaders/TCG-card.mat
  artifactKey: Guid(89491b3a457fdf24882f702f94650449) Importer(815301076,1909f56bfc062723c751e8b465ee728b)
Start importing Assets/ShaderoSprite/Examples/Shaders/TCG-card.mat using Guid(89491b3a457fdf24882f702f94650449) Importer(815301076,1909f56bfc062723c751e8b465ee728b)  -> (artifact id: '63034cf422487fee852a8abd4fb337d1') in 0.021203 seconds 
  Import took 0.026254 seconds .

========================================================================
Received Import Request.
  Time since last request: 0.000226 seconds.
  path: Assets/ShaderoSprite/Examples/Shaders/FireLight.mat
  artifactKey: Guid(83b37bdf82a551f4c949ae223091ce09) Importer(815301076,1909f56bfc062723c751e8b465ee728b)
Start importing Assets/ShaderoSprite/Examples/Shaders/FireLight.mat using Guid(83b37bdf82a551f4c949ae223091ce09) Importer(815301076,1909f56bfc062723c751e8b465ee728b)  -> (artifact id: '3225670305443b373909ac750777eb09') in 0.017101 seconds 
  Import took 0.023129 seconds .

========================================================================
Received Import Request.
  Time since last request: 0.000343 seconds.
  path: Assets/ShaderoSprite/Examples/Shaders/CircleProgressBar.mat
  artifactKey: Guid(98def9aeef552184397c8846a13b1535) Importer(815301076,1909f56bfc062723c751e8b465ee728b)
Start importing Assets/ShaderoSprite/Examples/Shaders/CircleProgressBar.mat using Guid(98def9aeef552184397c8846a13b1535) Importer(815301076,1909f56bfc062723c751e8b465ee728b)  -> (artifact id: '9c6e8d79defb4847db0c5fd511739109') in 0.018576 seconds 
  Import took 0.024583 seconds .

========================================================================
Received Import Request.
  Time since last request: 0.000227 seconds.
  path: Assets/ShaderoSprite/Examples/Shaders/Diamond_Light.mat
  artifactKey: Guid(05208a29e3f5fb44490b89c4bdf9a0af) Importer(815301076,1909f56bfc062723c751e8b465ee728b)
Start importing Assets/ShaderoSprite/Examples/Shaders/Diamond_Light.mat using Guid(05208a29e3f5fb44490b89c4bdf9a0af) Importer(815301076,1909f56bfc062723c751e8b465ee728b)  -> (artifact id: '3d143dbea8bf95751cdec209d4e41fee') in 0.016475 seconds 
  Import took 0.021709 seconds .

========================================================================
Received Import Request.
  Time since last request: 0.000261 seconds.
  path: Assets/ShaderoSprite/Examples/Shaders/orb.mat
  artifactKey: Guid(59378f2e751c748478c319484985f0e5) Importer(815301076,1909f56bfc062723c751e8b465ee728b)
Start importing Assets/ShaderoSprite/Examples/Shaders/orb.mat using Guid(59378f2e751c748478c319484985f0e5) Importer(815301076,1909f56bfc062723c751e8b465ee728b)  -> (artifact id: 'dcd23b88495a3a788858dc6a8346cc1a') in 0.037239 seconds 
  Import took 0.041937 seconds .

========================================================================
Received Import Request.
  Time since last request: 0.000233 seconds.
  path: Assets/ShaderoSprite/Examples/Shaders/Shadero_Slim.mat
  artifactKey: Guid(237b23764dca04444b5ff9cf15ffc542) Importer(815301076,1909f56bfc062723c751e8b465ee728b)
Start importing Assets/ShaderoSprite/Examples/Shaders/Shadero_Slim.mat using Guid(237b23764dca04444b5ff9cf15ffc542) Importer(815301076,1909f56bfc062723c751e8b465ee728b)  -> (artifact id: 'ec1526ff63f16b81d5d2bcdef794e03b') in 0.020536 seconds 
  Import took 0.026278 seconds .

========================================================================
Received Import Request.
  Time since last request: 0.000244 seconds.
  path: Assets/ShaderoSprite/Examples/Shaders/InfiniteEnergy.mat
  artifactKey: Guid(da63e1d55e1a4944d8957ebcdc559f1b) Importer(815301076,1909f56bfc062723c751e8b465ee728b)
Start importing Assets/ShaderoSprite/Examples/Shaders/InfiniteEnergy.mat using Guid(da63e1d55e1a4944d8957ebcdc559f1b) Importer(815301076,1909f56bfc062723c751e8b465ee728b)  -> (artifact id: '276fc525b975eff82331bc615c9a4952') in 0.016701 seconds 
  Import took 0.021724 seconds .

========================================================================
Received Import Request.
  Time since last request: 0.000323 seconds.
  path: Assets/ShaderoSprite/Examples/Shaders/Magic_Pot.mat
  artifactKey: Guid(a43e806fb44e9834cb87372ab4ebd5ee) Importer(815301076,1909f56bfc062723c751e8b465ee728b)
Start importing Assets/ShaderoSprite/Examples/Shaders/Magic_Pot.mat using Guid(a43e806fb44e9834cb87372ab4ebd5ee) Importer(815301076,1909f56bfc062723c751e8b465ee728b)  -> (artifact id: 'b5e2383a9ac4f28ff7217a6f9bd9e442') in 0.021157 seconds 
  Import took 0.026772 seconds .

========================================================================
Received Import Request.
  Time since last request: 0.000296 seconds.
  path: Assets/ShaderoSprite/Examples/Shaders/Energy Light.mat
  artifactKey: Guid(ad862f2a04df60a4595cf4a81aa10655) Importer(815301076,1909f56bfc062723c751e8b465ee728b)
Start importing Assets/ShaderoSprite/Examples/Shaders/Energy Light.mat using Guid(ad862f2a04df60a4595cf4a81aa10655) Importer(815301076,1909f56bfc062723c751e8b465ee728b)  -> (artifact id: '80e8d5ca601d2482d4a030be3cd3a3bc') in 0.015352 seconds 
  Import took 0.020643 seconds .

========================================================================
Received Import Request.
  Time since last request: 0.000229 seconds.
  path: Assets/ShaderoSprite/Examples/Shaders/MonsterDistortion.mat
  artifactKey: Guid(76e0670d694e3104abcc51e9934bd806) Importer(815301076,1909f56bfc062723c751e8b465ee728b)
Start importing Assets/ShaderoSprite/Examples/Shaders/MonsterDistortion.mat using Guid(76e0670d694e3104abcc51e9934bd806) Importer(815301076,1909f56bfc062723c751e8b465ee728b)  -> (artifact id: '2dce2e04990af402138520d7e7e2813a') in 0.014940 seconds 
  Import took 0.039244 seconds .

========================================================================
Received Import Request.
  Time since last request: 0.000279 seconds.
  path: Assets/ShaderoSprite/Examples/Shaders/LightningBump.mat
  artifactKey: Guid(03ca8cc910922ee4181b5a13fb3d5bfe) Importer(815301076,1909f56bfc062723c751e8b465ee728b)
Start importing Assets/ShaderoSprite/Examples/Shaders/LightningBump.mat using Guid(03ca8cc910922ee4181b5a13fb3d5bfe) Importer(815301076,1909f56bfc062723c751e8b465ee728b)  -> (artifact id: '628de04988aea89ebae6eb31e124a38f') in 0.075628 seconds 
  Import took 0.080580 seconds .

========================================================================
Received Import Request.
  Time since last request: 12.727607 seconds.
  path: Assets/Scenes/Main.unity
  artifactKey: Guid(d87041702d366a746925a07de7e23262) Importer(815301076,1909f56bfc062723c751e8b465ee728b)
Start importing Assets/Scenes/Main.unity using Guid(d87041702d366a746925a07de7e23262) Importer(815301076,1909f56bfc062723c751e8b465ee728b)  -> (artifact id: 'd813ecb3de31d36f56c04d73094830ae') in 0.008245 seconds 
  Import took 0.014444 seconds .

========================================================================
Received Import Request.
  Time since last request: 51.798053 seconds.
  path: Assets/ShaderoSprite/readme.txt.txt
  artifactKey: Guid(cec6dee92560990469dfd705060e20df) Importer(815301076,1909f56bfc062723c751e8b465ee728b)
Start importing Assets/ShaderoSprite/readme.txt.txt using Guid(cec6dee92560990469dfd705060e20df) Importer(815301076,1909f56bfc062723c751e8b465ee728b)  -> (artifact id: '4c5079e0dfb33939ac6fd1bf2e0d6fe7') in 0.017927 seconds 
  Import took 0.023476 seconds .

========================================================================
Received Prepare
Registering precompiled user dll's ...
Registered in 0.255015 seconds.
Begin MonoManager ReloadAssembly
Native extension for WindowsStandalone target not found
Refreshing native plugins compatible for Editor in 1.12 ms, found 3 plugins.
Preloading 0 native plugins for Editor in 0.00 ms.
Mono: successfully reloaded assembly
- Completed reload, in  5.530 seconds
Domain Reload Profiling:
	ReloadAssembly (5530ms)
		BeginReloadAssembly (250ms)
			ExecutionOrderSort (0ms)
			DisableScriptedObjects (19ms)
			BackupInstance (0ms)
			ReleaseScriptingObjects (0ms)
			CreateAndSetChildDomain (84ms)
		EndReloadAssembly (5193ms)
			LoadAssemblies (3905ms)
			RebuildTransferFunctionScriptingTraits (0ms)
			SetupTypeCache (581ms)
			ReleaseScriptCaches (1ms)
			RebuildScriptCaches (63ms)
			SetupLoadedEditorAssemblies (438ms)
				LogAssemblyErrors (0ms)
				InitializePlatformSupportModulesInManaged (27ms)
				SetLoadedEditorAssemblies (1ms)
				RefreshPlugins (1ms)
				BeforeProcessingInitializeOnLoad (102ms)
				ProcessInitializeOnLoadAttributes (248ms)
				ProcessInitializeOnLoadMethodAttributes (57ms)
				AfterProcessingInitializeOnLoad (2ms)
				EditorAssembliesLoaded (0ms)
			ExecutionOrderSort2 (0ms)
			AwakeInstancesAfterBackupRestoration (10ms)
Platform modules already initialized, skipping
Shader 'Shadero Customs/LightningBump': fallback shader 'Sprites /Default' not found
Refreshing native plugins compatible for Editor in 1.27 ms, found 3 plugins.
Preloading 0 native plugins for Editor in 0.00 ms.
Unloading 2808 Unused Serialized files (Serialized files now loaded: 0)
System memory in use before: 131.9 MB.
System memory in use after: 132.2 MB.

Unloading 20 unused Assets to reduce memory usage. Loaded Objects now: 3425.
Total: 4.437600 ms (FindLiveObjects: 0.494200 ms CreateObjectMapping: 0.095800 ms MarkObjects: 3.808200 ms  DeleteObjects: 0.037800 ms)

AssetImportParameters requested are different than current active one (requested -> active):
  custom:framework-win-MediaFoundation: 216162199b28c13a410421893ffa2e32 -> 
  custom:video-decoder-ogg-theora: a1e56fd34408186e4bbccfd4996cb3dc -> 
  custom:container-muxer-webm: aa71ff27fc2769a1b78a27578f13a17b -> 
  custom:container-demuxer-webm: 4f35f7cbe854078d1ac9338744f61a02 -> 
  custom:container-demuxer-ogg: 62fdf1f143b41e24485cea50d1cbac27 -> 
  custom:video-encoder-webm-vp8: eb34c28f22e8b96e1ab97ce403110664 -> 
  custom:video-decoder-webm-vp8: 9c59270c3fd7afecdb556c50c9e8de78 -> 
  custom:audio-decoder-ogg-vorbis: bf7c407c2cedff20999df2af8eb42d56 -> 
  custom:audio-encoder-webm-vorbis: bf7c407c2cedff20999df2af8eb42d56 -> 
========================================================================
Received Import Request.
  Time since last request: 6443.024892 seconds.
  path: Assets/NewSurfaceShader.shader
  artifactKey: Guid(0709f5ea6d9762249a6c1bb159aeb022) Importer(815301076,1909f56bfc062723c751e8b465ee728b)
Start importing Assets/NewSurfaceShader.shader using Guid(0709f5ea6d9762249a6c1bb159aeb022) Importer(815301076,1909f56bfc062723c751e8b465ee728b)  -> (artifact id: 'd9c7815d668aba1267ab8c80de590c39') in 0.083422 seconds 
  Import took 0.099244 seconds .

========================================================================
Received Import Request.
  Time since last request: 13.763040 seconds.
  path: Assets/New Shadero Sprite Shader.shader
  artifactKey: Guid(9c666fc9d98de95469745494c2aab718) Importer(815301076,1909f56bfc062723c751e8b465ee728b)
Start importing Assets/New Shadero Sprite Shader.shader using Guid(9c666fc9d98de95469745494c2aab718) Importer(815301076,1909f56bfc062723c751e8b465ee728b) Shader 'hidden/ShaderoCustoms/EmptyShader': fallback shader 'Sprites /Default' not found
 -> (artifact id: 'c481cefec94e93be06adedab502a7911') in 0.010279 seconds 
  Import took 0.028465 seconds .

AssetImportWorkerClient::OnTransportError - code=2 error=End of file
