Using pre-set license
Built from '2020.3/staging' branch; Version is '2020.3.26f1 (7298b473bc1a) revision 7510196'; Using compiler version '192528614'; Build Type 'Release'
OS: 'Windows 10  (10.0.18362) 64bit Professional' Language: 'en' Physical Memory: 8025 MB
BatchMode: 1, IsHumanControllingUs: 0, StartBugReporterOnCrash: 0, Is64bit: 1, IsPro: 0

COMMAND LINE ARGUMENTS:
F:\UnityEditor 2020\Unity 2020.3.26f1\Editor\Unity.exe
-adb2
-batchMode
-noUpm
-name
AssetImportWorker3
-projectPath
C:/Users/lenovo/Desktop/Cell Clicker/Cell-Master
-logFile
Logs/AssetImportWorker3.log
-srvPort
51269
Successfully changed project path to: C:/Users/lenovo/Desktop/Cell Clicker/Cell-Master
C:/Users/lenovo/Desktop/Cell Clicker/Cell-Master
Using Asset Import Pipeline V2.
