Using pre-set license
Built from '2020.3/staging' branch; Version is '2020.3.26f1 (7298b473bc1a) revision 7510196'; Using compiler version '192528614'; Build Type 'Release'
OS: 'Windows 10  (10.0.18362) 64bit Professional' Language: 'en' Physical Memory: 8025 MB
BatchMode: 1, IsHumanControllingUs: 0, StartBugReporterOnCrash: 0, Is64bit: 1, IsPro: 0

COMMAND LINE ARGUMENTS:
F:\UnityEditor 2020\Unity 2020.3.26f1\Editor\Unity.exe
-adb2
-batchMode
-noUpm
-name
AssetImportWorker2
-projectPath
C:/Users/lenovo/Desktop/Cell Clicker/Cell-Master
-logFile
Logs/AssetImportWorker2.log
-srvPort
50360
Successfully changed project path to: C:/Users/lenovo/Desktop/Cell Clicker/Cell-Master
C:/Users/lenovo/Desktop/Cell Clicker/Cell-Master
Using Asset Import Pipeline V2.
Refreshing native plugins compatible for Editor in 321.65 ms, found 3 plugins.
Preloading 0 native plugins for Editor in 0.00 ms.
Initialize engine version: 2020.3.26f1 (7298b473bc1a)
[Subsystems] Discovering subsystems at path F:/UnityEditor 2020/Unity 2020.3.26f1/Editor/Data/Resources/UnitySubsystems
[Subsystems] Discovering subsystems at path C:/Users/lenovo/Desktop/Cell Clicker/Cell-Master/Assets
GfxDevice: creating device client; threaded=0
Direct3D:
    Version:  Direct3D 11.0 [level 11.0]
    Renderer: NVIDIA GeForce MX130 (ID=0x174d)
    Vendor:   
    VRAM:     2010 MB
    Driver:   26.21.14.4137
Shader 'Shadero Customs/LightningBump': fallback shader 'Sprites /Default' not found
Initialize mono
Mono path[0] = 'F:/UnityEditor 2020/Unity 2020.3.26f1/Editor/Data/Managed'
Mono path[1] = 'F:/UnityEditor 2020/Unity 2020.3.26f1/Editor/Data/MonoBleedingEdge/lib/mono/unityjit'
Mono config path = 'F:/UnityEditor 2020/Unity 2020.3.26f1/Editor/Data/MonoBleedingEdge/etc'
Using monoOptions --debugger-agent=transport=dt_socket,embedding=1,server=y,suspend=n,address=127.0.0.1:56928
Begin MonoManager ReloadAssembly
Registering precompiled unity dll's ...
Register platform support module: F:/UnityEditor 2020/Unity 2020.3.26f1/Editor/Data/PlaybackEngines/WindowsStandaloneSupport/UnityEditor.WindowsStandalone.Extensions.dll
Registered in 0.001743 seconds.
Native extension for WindowsStandalone target not found
Refreshing native plugins compatible for Editor in 226.91 ms, found 3 plugins.
Preloading 0 native plugins for Editor in 0.00 ms.
Mono: successfully reloaded assembly
- Completed reload, in  1.764 seconds
Domain Reload Profiling:
	ReloadAssembly (1765ms)
		BeginReloadAssembly (147ms)
			ExecutionOrderSort (0ms)
			DisableScriptedObjects (0ms)
			BackupInstance (0ms)
			ReleaseScriptingObjects (0ms)
			CreateAndSetChildDomain (2ms)
		EndReloadAssembly (1344ms)
			LoadAssemblies (144ms)
			RebuildTransferFunctionScriptingTraits (0ms)
			SetupTypeCache (435ms)
			ReleaseScriptCaches (0ms)
			RebuildScriptCaches (89ms)
			SetupLoadedEditorAssemblies (553ms)
				LogAssemblyErrors (0ms)
				InitializePlatformSupportModulesInManaged (12ms)
				SetLoadedEditorAssemblies (1ms)
				RefreshPlugins (227ms)
				BeforeProcessingInitializeOnLoad (37ms)
				ProcessInitializeOnLoadAttributes (192ms)
				ProcessInitializeOnLoadMethodAttributes (84ms)
				AfterProcessingInitializeOnLoad (0ms)
				EditorAssembliesLoaded (0ms)
			ExecutionOrderSort2 (0ms)
			AwakeInstancesAfterBackupRestoration (0ms)
Platform modules already initialized, skipping
Registering precompiled user dll's ...
Registered in 0.012142 seconds.
Begin MonoManager ReloadAssembly
Native extension for WindowsStandalone target not found
Refreshing native plugins compatible for Editor in 235.13 ms, found 3 plugins.
Preloading 0 native plugins for Editor in 0.00 ms.
Mono: successfully reloaded assembly
- Completed reload, in  8.763 seconds
Domain Reload Profiling:
	ReloadAssembly (8766ms)
		BeginReloadAssembly (404ms)
			ExecutionOrderSort (0ms)
			DisableScriptedObjects (13ms)
			BackupInstance (0ms)
			ReleaseScriptingObjects (0ms)
			CreateAndSetChildDomain (50ms)
		EndReloadAssembly (8007ms)
			LoadAssemblies (3862ms)
			RebuildTransferFunctionScriptingTraits (0ms)
			SetupTypeCache (1255ms)
			ReleaseScriptCaches (1ms)
			RebuildScriptCaches (206ms)
			SetupLoadedEditorAssemblies (2272ms)
				LogAssemblyErrors (0ms)
				InitializePlatformSupportModulesInManaged (10ms)
				SetLoadedEditorAssemblies (0ms)
				RefreshPlugins (235ms)
				BeforeProcessingInitializeOnLoad (216ms)
				ProcessInitializeOnLoadAttributes (1510ms)
				ProcessInitializeOnLoadMethodAttributes (293ms)
				AfterProcessingInitializeOnLoad (7ms)
				EditorAssembliesLoaded (1ms)
			ExecutionOrderSort2 (0ms)
			AwakeInstancesAfterBackupRestoration (24ms)
Platform modules already initialized, skipping
========================================================================
Worker process is ready to serve import requests
Shader 'Shadero Customs/LightningBump': fallback shader 'Sprites /Default' not found
Launched and connected shader compiler UnityShaderCompiler.exe after 0.27 seconds
Refreshing native plugins compatible for Editor in 3.19 ms, found 3 plugins.
Preloading 0 native plugins for Editor in 0.00 ms.
Unloading 2597 Unused Serialized files (Serialized files now loaded: 0)
System memory in use before: 121.2 MB.
System memory in use after: 121.4 MB.

Unloading 28 unused Assets to reduce memory usage. Loaded Objects now: 3030.
Total: 1853.333900 ms (FindLiveObjects: 0.585800 ms CreateObjectMapping: 0.424900 ms MarkObjects: 1852.031600 ms  DeleteObjects: 0.287100 ms)

AssetImportParameters requested are different than current active one (requested -> active):
  custom:framework-win-MediaFoundation: 216162199b28c13a410421893ffa2e32 -> 
  custom:video-decoder-ogg-theora: a1e56fd34408186e4bbccfd4996cb3dc -> 
  custom:container-muxer-webm: aa71ff27fc2769a1b78a27578f13a17b -> 
  custom:container-demuxer-webm: 4f35f7cbe854078d1ac9338744f61a02 -> 
  custom:container-demuxer-ogg: 62fdf1f143b41e24485cea50d1cbac27 -> 
  custom:video-encoder-webm-vp8: eb34c28f22e8b96e1ab97ce403110664 -> 
  custom:video-decoder-webm-vp8: 9c59270c3fd7afecdb556c50c9e8de78 -> 
  custom:audio-decoder-ogg-vorbis: bf7c407c2cedff20999df2af8eb42d56 -> 
  custom:audio-encoder-webm-vorbis: bf7c407c2cedff20999df2af8eb42d56 -> 
========================================================================
Received Import Request.
  path: Assets/GameObjects/Destroyer.prefab
  artifactKey: Guid(a7c82e09b872db3459c8cdc24ac193f5) Importer(815301076,1909f56bfc062723c751e8b465ee728b)
Start importing Assets/GameObjects/Destroyer.prefab using Guid(a7c82e09b872db3459c8cdc24ac193f5) Importer(815301076,1909f56bfc062723c751e8b465ee728b)  -> (artifact id: '57560985c7b52fe37f4a5224670d2b88') in 0.501645 seconds 
  Import took 0.517951 seconds .

========================================================================
Received Import Request.
  Time since last request: 0.000821 seconds.
  path: Assets/GameObjects/Glucose.prefab
  artifactKey: Guid(494746c43fd504342b59f5ed3c5dd02d) Importer(815301076,1909f56bfc062723c751e8b465ee728b)
Start importing Assets/GameObjects/Glucose.prefab using Guid(494746c43fd504342b59f5ed3c5dd02d) Importer(815301076,1909f56bfc062723c751e8b465ee728b)  -> (artifact id: '195414a00e14ad6856e6aa3c26d225f2') in 1.093398 seconds 
  Import took 1.109830 seconds .

========================================================================
Received Import Request.
  Time since last request: 0.000701 seconds.
  path: Assets/GameObjects/Cursor.png
  artifactKey: Guid(959075a1e6842e5489b0a28b2976c43f) Importer(815301076,1909f56bfc062723c751e8b465ee728b)
Start importing Assets/GameObjects/Cursor.png using Guid(959075a1e6842e5489b0a28b2976c43f) Importer(815301076,1909f56bfc062723c751e8b465ee728b)  -> (artifact id: '4f97637aad2df4d852e34c004c3b3436') in 0.212659 seconds 
  Import took 0.229914 seconds .

========================================================================
Received Import Request.
  Time since last request: 0.000679 seconds.
  path: Assets/GameObjects/Virus-1.prefab
  artifactKey: Guid(bd40b8b695995874fad2636afc1b904d) Importer(815301076,1909f56bfc062723c751e8b465ee728b)
Start importing Assets/GameObjects/Virus-1.prefab using Guid(bd40b8b695995874fad2636afc1b904d) Importer(815301076,1909f56bfc062723c751e8b465ee728b)  -> (artifact id: '75ab5ed9326eadca83a8f3e3bae06e30') in 0.373024 seconds 
  Import took 0.392066 seconds .

========================================================================
Received Import Request.
  Time since last request: 0.000572 seconds.
  path: Assets/GameObjects/Food.prefab
  artifactKey: Guid(0c0a0b61d74a9bc4a91152566a93df12) Importer(815301076,1909f56bfc062723c751e8b465ee728b)
Start importing Assets/GameObjects/Food.prefab using Guid(0c0a0b61d74a9bc4a91152566a93df12) Importer(815301076,1909f56bfc062723c751e8b465ee728b)  -> (artifact id: '8d1b104f5e02e0091f7991b0dc0803ba') in 0.063214 seconds 
  Import took 0.080789 seconds .

========================================================================
Received Import Request.
  Time since last request: 0.000615 seconds.
  path: Assets/GameObjects/Virus-3.prefab
  artifactKey: Guid(902af7443f72a28429626261f80506a6) Importer(815301076,1909f56bfc062723c751e8b465ee728b)
Start importing Assets/GameObjects/Virus-3.prefab using Guid(902af7443f72a28429626261f80506a6) Importer(815301076,1909f56bfc062723c751e8b465ee728b)  -> (artifact id: 'b40b3c008a89bdc6eda8e59efb2ee728') in 0.063049 seconds 
  Import took 0.079512 seconds .

========================================================================
Received Import Request.
  Time since last request: 0.000907 seconds.
  path: Assets/GameObjects/Glucose.png
  artifactKey: Guid(b4743df6a685d454380a9366932701c6) Importer(815301076,1909f56bfc062723c751e8b465ee728b)
Start importing Assets/GameObjects/Glucose.png using Guid(b4743df6a685d454380a9366932701c6) Importer(815301076,1909f56bfc062723c751e8b465ee728b)  -> (artifact id: '8a6a0a7d600df51ef1e46081a2c0e6b3') in 0.230722 seconds 
  Import took 0.245201 seconds .

========================================================================
Received Import Request.
  Time since last request: 0.000576 seconds.
  path: Assets/GameObjects/Virus-2.prefab
  artifactKey: Guid(1e5776c15a56a5144b52c5599a022f96) Importer(815301076,1909f56bfc062723c751e8b465ee728b)
Start importing Assets/GameObjects/Virus-2.prefab using Guid(1e5776c15a56a5144b52c5599a022f96) Importer(815301076,1909f56bfc062723c751e8b465ee728b)  -> (artifact id: '5a39fff5d3effb2ac278505fbab9ca04') in 0.054169 seconds 
  Import took 0.071435 seconds .

========================================================================
Received Import Request.
  Time since last request: 0.000662 seconds.
  path: Assets/GameObjects/FoodAudioSource.prefab
  artifactKey: Guid(f97db0b0c60d69240aad8ade45bdd39a) Importer(815301076,1909f56bfc062723c751e8b465ee728b)
Start importing Assets/GameObjects/FoodAudioSource.prefab using Guid(f97db0b0c60d69240aad8ade45bdd39a) Importer(815301076,1909f56bfc062723c751e8b465ee728b)  -> (artifact id: '7f4a3728ddfd1ad8b20c5107680873f4') in 0.034214 seconds 
  Import took 0.052637 seconds .

========================================================================
Received Import Request.
  Time since last request: 0.000480 seconds.
  path: Assets/GameObjects/Cell Gang.prefab
  artifactKey: Guid(72e25f553eace9448a1650421f3a12c7) Importer(815301076,1909f56bfc062723c751e8b465ee728b)
Start importing Assets/GameObjects/Cell Gang.prefab using Guid(72e25f553eace9448a1650421f3a12c7) Importer(815301076,1909f56bfc062723c751e8b465ee728b)  -> (artifact id: '6304e80ec80fd1720dad6512882f02cf') in 0.091429 seconds 
  Import took 0.134768 seconds .

========================================================================
Received Import Request.
  Time since last request: 0.000568 seconds.
  path: Assets/GameObjects/GameController.prefab
  artifactKey: Guid(e7d0bc435b27ba941b299dfd37203811) Importer(815301076,1909f56bfc062723c751e8b465ee728b)
Start importing Assets/GameObjects/GameController.prefab using Guid(e7d0bc435b27ba941b299dfd37203811) Importer(815301076,1909f56bfc062723c751e8b465ee728b)  -> (artifact id: '7095c01fbb0b3d96360236ab61bceae0') in 0.064391 seconds 
  Import took 0.079571 seconds .

========================================================================
Received Import Request.
  Time since last request: 0.000628 seconds.
  path: Assets/GameObjects/Cell.prefab
  artifactKey: Guid(a7f593ed79d573d4b88c05c87f7e28ad) Importer(815301076,1909f56bfc062723c751e8b465ee728b)
Start importing Assets/GameObjects/Cell.prefab using Guid(a7f593ed79d573d4b88c05c87f7e28ad) Importer(815301076,1909f56bfc062723c751e8b465ee728b)  -> (artifact id: '39a3fad6cc75938e61700d6908357c38') in 0.064667 seconds 
  Import took 0.076395 seconds .

========================================================================
Received Import Request.
  Time since last request: 109.254891 seconds.
  path: Assets/CollectFood.wav
  artifactKey: Guid(17b6c4024a0530548a7dbf9ac21d3586) Importer(815301076,1909f56bfc062723c751e8b465ee728b)
Start importing Assets/CollectFood.wav using Guid(17b6c4024a0530548a7dbf9ac21d3586) Importer(815301076,1909f56bfc062723c751e8b465ee728b)  -> (artifact id: '6e2a4753fa4c3398ed2b43a6445e1f7f') in 0.178760 seconds 
  Import took 0.190425 seconds .

========================================================================
Received Import Request.
  Time since last request: 0.000585 seconds.
  path: Assets/mixkit-arcade-game-jump-coin-216.wav
  artifactKey: Guid(262aea71740cba9479e8ebe9ce720f54) Importer(815301076,1909f56bfc062723c751e8b465ee728b)
Start importing Assets/mixkit-arcade-game-jump-coin-216.wav using Guid(262aea71740cba9479e8ebe9ce720f54) Importer(815301076,1909f56bfc062723c751e8b465ee728b)  -> (artifact id: 'a16fb66a7c20982ed6cdf204fa27e21c') in 0.046381 seconds 
  Import took 0.060579 seconds .

========================================================================
Received Import Request.
  Time since last request: 0.000485 seconds.
  path: Assets/mixkit-repeating-arcade-beep-1084.wav
  artifactKey: Guid(d744c5e04d958a54fa9379f439d98459) Importer(815301076,1909f56bfc062723c751e8b465ee728b)
Start importing Assets/mixkit-repeating-arcade-beep-1084.wav using Guid(d744c5e04d958a54fa9379f439d98459) Importer(815301076,1909f56bfc062723c751e8b465ee728b)  -> (artifact id: '672653379d1dabb06321cc118aba6859') in 0.044020 seconds 
  Import took 0.059000 seconds .

========================================================================
Received Import Request.
  Time since last request: 5.317717 seconds.
  path: Assets/Scenes
  artifactKey: Guid(9b5dd8caf6d9218469d4884b8b1b8edf) Importer(815301076,1909f56bfc062723c751e8b465ee728b)
Start importing Assets/Scenes using Guid(9b5dd8caf6d9218469d4884b8b1b8edf) Importer(815301076,1909f56bfc062723c751e8b465ee728b)  -> (artifact id: '15459400c7e517e9f154a2930cb0154e') in 0.022941 seconds 
  Import took 0.039404 seconds .

========================================================================
Received Import Request.
  Time since last request: 2.562413 seconds.
  path: Assets/Scenes/Main.unity
  artifactKey: Guid(d87041702d366a746925a07de7e23262) Importer(815301076,1909f56bfc062723c751e8b465ee728b)
Start importing Assets/Scenes/Main.unity using Guid(d87041702d366a746925a07de7e23262) Importer(815301076,1909f56bfc062723c751e8b465ee728b)  -> (artifact id: 'af95d4d3d22d3a1e030d8029b4c87c57') in 0.012938 seconds 
  Import took 0.020805 seconds .

========================================================================
Received Prepare
Registering precompiled user dll's ...
Registered in 0.014790 seconds.
Begin MonoManager ReloadAssembly
Native extension for WindowsStandalone target not found
Refreshing native plugins compatible for Editor in 1.72 ms, found 3 plugins.
Preloading 0 native plugins for Editor in 0.00 ms.
Mono: successfully reloaded assembly
- Completed reload, in  2.610 seconds
Domain Reload Profiling:
	ReloadAssembly (2611ms)
		BeginReloadAssembly (239ms)
			ExecutionOrderSort (0ms)
			DisableScriptedObjects (12ms)
			BackupInstance (0ms)
			ReleaseScriptingObjects (0ms)
			CreateAndSetChildDomain (77ms)
		EndReloadAssembly (2231ms)
			LoadAssemblies (235ms)
			RebuildTransferFunctionScriptingTraits (0ms)
			SetupTypeCache (807ms)
			ReleaseScriptCaches (2ms)
			RebuildScriptCaches (131ms)
			SetupLoadedEditorAssemblies (782ms)
				LogAssemblyErrors (0ms)
				InitializePlatformSupportModulesInManaged (11ms)
				SetLoadedEditorAssemblies (1ms)
				RefreshPlugins (2ms)
				BeforeProcessingInitializeOnLoad (219ms)
				ProcessInitializeOnLoadAttributes (514ms)
				ProcessInitializeOnLoadMethodAttributes (31ms)
				AfterProcessingInitializeOnLoad (5ms)
				EditorAssembliesLoaded (0ms)
			ExecutionOrderSort2 (0ms)
			AwakeInstancesAfterBackupRestoration (25ms)
Platform modules already initialized, skipping
Shader 'Shadero Customs/LightningBump': fallback shader 'Sprites /Default' not found
Refreshing native plugins compatible for Editor in 1.46 ms, found 3 plugins.
Preloading 0 native plugins for Editor in 0.00 ms.
Unloading 2520 Unused Serialized files (Serialized files now loaded: 0)
System memory in use before: 117.2 MB.
System memory in use after: 117.4 MB.

Unloading 17 unused Assets to reduce memory usage. Loaded Objects now: 3044.
Total: 6.678500 ms (FindLiveObjects: 0.364400 ms CreateObjectMapping: 0.232900 ms MarkObjects: 6.042000 ms  DeleteObjects: 0.037400 ms)

AssetImportParameters requested are different than current active one (requested -> active):
  custom:framework-win-MediaFoundation: 216162199b28c13a410421893ffa2e32 -> 
  custom:video-decoder-ogg-theora: a1e56fd34408186e4bbccfd4996cb3dc -> 
  custom:container-muxer-webm: aa71ff27fc2769a1b78a27578f13a17b -> 
  custom:container-demuxer-webm: 4f35f7cbe854078d1ac9338744f61a02 -> 
  custom:container-demuxer-ogg: 62fdf1f143b41e24485cea50d1cbac27 -> 
  custom:video-encoder-webm-vp8: eb34c28f22e8b96e1ab97ce403110664 -> 
  custom:video-decoder-webm-vp8: 9c59270c3fd7afecdb556c50c9e8de78 -> 
  custom:audio-decoder-ogg-vorbis: bf7c407c2cedff20999df2af8eb42d56 -> 
  custom:audio-encoder-webm-vorbis: bf7c407c2cedff20999df2af8eb42d56 -> 
AssetImportWorkerClient::OnTransportError - code=2 error=End of file
